============================================================
AI News Aggregator 每日更新
开始时间: 2026-02-06 12:30:01
============================================================

📡 步骤1: 聚合新闻数据...
✅ 数据聚合完成

📝 步骤2: 更新摘要...
✅ 摘要更新完成

🚀 步骤3: 推送到 GitHub...
✅ GitHub 推送完成

============================================================
✅ 全部完成! 结束时间: 2026-02-06 12:30:08
============================================================
============================================================
AI News Aggregator 每日更新
开始时间: 2026-02-06 20:00:00
============================================================

📡 步骤1: 聚合新闻数据...
✅ 数据聚合完成

📝 步骤2: 更新摘要...
✅ 摘要更新完成

🚀 步骤3: 推送到 GitHub...
✅ GitHub 推送完成

============================================================
✅ 全部完成! 结束时间: 2026-02-06 20:00:13
============================================================
============================================================
AI News Aggregator 每日更新
开始时间: 2026-02-09 12:36:23
============================================================

📡 步骤1: 聚合新闻数据...
✅ 数据聚合完成

📝 步骤2: 更新摘要...
✅ 摘要更新完成

🚀 步骤3: 推送到 GitHub...
✅ GitHub 推送完成

============================================================
✅ 全部完成! 结束时间: 2026-02-09 12:36:32
============================================================
============================================================
AI News Aggregator 每日更新
开始时间: 2026-02-09 20:00:00
============================================================

📡 步骤1: 聚合新闻数据...
✅ 数据聚合完成

📝 步骤2: 更新摘要...
✅ 摘要更新完成

🚀 步骤3: 推送到 GitHub...
✅ GitHub 推送完成

============================================================
✅ 全部完成! 结束时间: 2026-02-09 20:00:15
============================================================
============================================================
AI News Aggregator 每日更新
开始时间: 2026-02-10 12:30:01
============================================================

📡 步骤1: 聚合新闻数据...
✅ 数据聚合完成

📝 步骤2: 更新摘要...
✅ 摘要更新完成

🚀 步骤3: 推送到 GitHub...
✅ GitHub 推送完成

============================================================
✅ 全部完成! 结束时间: 2026-02-10 12:30:10
============================================================
============================================================
AI News Aggregator 每日更新
开始时间: 2026-02-10 20:00:00
============================================================

📡 步骤1: 聚合新闻数据...
✅ 数据聚合完成

📝 步骤2: 更新摘要...
✅ 摘要更新完成

🚀 步骤3: 推送到 GitHub...
✅ GitHub 推送完成

============================================================
✅ 全部完成! 结束时间: 2026-02-10 20:00:12
============================================================
============================================================
AI News Aggregator 每日更新
开始时间: 2026-02-11 09:00:00
============================================================

📡 步骤1: 聚合新闻数据...
✅ 数据聚合完成

📝 步骤2: 更新摘要...
✅ 摘要更新完成

🚀 步骤3: 推送到 GitHub...
✅ GitHub 推送完成

============================================================
✅ 全部完成! 结束时间: 2026-02-11 09:00:38
============================================================
============================================================
AI News Aggregator 每日更新
开始时间: 2026-02-11 12:30:00
============================================================

📡 步骤1: 聚合新闻数据...
✅ 数据聚合完成

📝 步骤2: 更新摘要...
✅ 摘要更新完成

🚀 步骤3: 推送到 GitHub...
✅ GitHub 推送完成

============================================================
✅ 全部完成! 结束时间: 2026-02-11 12:30:12
============================================================
============================================================
AI News Aggregator 每日更新
开始时间: 2026-02-12 12:30:00
============================================================

📡 步骤1: 聚合新闻数据...
✅ 数据聚合完成

📝 步骤2: 更新摘要...
✅ 摘要更新完成

🚀 步骤3: 推送到 GitHub...
✅ GitHub 推送完成

============================================================
✅ 全部完成! 结束时间: 2026-02-12 12:30:09
============================================================
============================================================
AI News Aggregator 每日更新
开始时间: 2026-02-13 20:00:00
============================================================

📡 步骤1: 聚合新闻数据...
✅ 数据聚合完成

📝 步骤2: 更新摘要...
✅ 摘要更新完成

🚀 步骤3: 推送到 GitHub...
✅ GitHub 推送完成

============================================================
✅ 全部完成! 结束时间: 2026-02-13 20:00:17
============================================================
============================================================
AI News Aggregator 每日更新
开始时间: 2026-02-15 20:03:40
============================================================

📡 步骤1: 聚合新闻数据...
✅ 数据聚合完成

📝 步骤2: 更新摘要...
✅ 摘要更新完成

🚀 步骤3: 推送到 GitHub...
❌ GitHub 推送失败
============================================================
AI News Aggregator 每日更新
开始时间: 2026-02-19 12:31:11
============================================================

📡 步骤1: 聚合新闻数据...
✅ 数据聚合完成

📝 步骤2: 更新摘要...
✅ 摘要更新完成

🚀 步骤3: 推送到 GitHub...
✅ GitHub 推送完成

============================================================
✅ 全部完成! 结束时间: 2026-02-19 13:35:52
============================================================
============================================================
AI News Aggregator 每日更新
开始时间: 2026-02-23 20:00:01
============================================================

📡 步骤1: 聚合新闻数据...
✅ 数据聚合完成

📝 步骤2: 更新摘要...
✅ 摘要更新完成

🚀 步骤3: 推送到 GitHub...
✅ GitHub 推送完成

============================================================
✅ 全部完成! 结束时间: 2026-02-23 20:00:20
============================================================
============================================================
AI News Aggregator 每日更新
开始时间: 2026-02-24 12:30:00
============================================================

📡 步骤1: 聚合新闻数据...
✅ 数据聚合完成

📝 步骤2: 更新摘要...
✅ 摘要更新完成

🚀 步骤3: 推送到 GitHub...
✅ GitHub 推送完成

============================================================
✅ 全部完成! 结束时间: 2026-02-24 12:30:13
============================================================
============================================================
AI News Aggregator 每日更新
开始时间: 2026-02-25 12:30:00
============================================================

📡 步骤1: 聚合新闻数据...
✅ 数据聚合完成

📝 步骤2: 更新摘要...
✅ 摘要更新完成

🚀 步骤3: 推送到 GitHub...
✅ GitHub 推送完成

============================================================
✅ 全部完成! 结束时间: 2026-02-25 12:30:06
============================================================
============================================================
AI News Aggregator 每日更新
开始时间: 2026-02-25 20:00:01
============================================================

📡 步骤1: 聚合新闻数据...
✅ 数据聚合完成

📝 步骤2: 更新摘要...
✅ 摘要更新完成

🚀 步骤3: 推送到 GitHub...
✅ GitHub 推送完成

============================================================
✅ 全部完成! 结束时间: 2026-02-25 20:00:08
============================================================
============================================================
AI News Aggregator 每日更新
开始时间: 2026-02-26 12:30:00
============================================================

📡 步骤1: 聚合新闻数据...
✅ 数据聚合完成

📝 步骤2: 更新摘要...
✅ 摘要更新完成

🚀 步骤3: 推送到 GitHub...
✅ GitHub 推送完成

============================================================
✅ 全部完成! 结束时间: 2026-02-26 12:30:10
============================================================
============================================================
AI News Aggregator 每日更新
开始时间: 2026-02-26 20:00:01
============================================================

📡 步骤1: 聚合新闻数据...
✅ 数据聚合完成

📝 步骤2: 更新摘要...
✅ 摘要更新完成

🚀 步骤3: 推送到 GitHub...
✅ GitHub 推送完成

============================================================
✅ 全部完成! 结束时间: 2026-02-26 20:00:07
============================================================
============================================================
AI News Aggregator 每日更新
开始时间: 2026-02-27 12:30:00
============================================================

📡 步骤1: 聚合新闻数据...
✅ 数据聚合完成

📝 步骤2: 更新摘要...
✅ 摘要更新完成

🚀 步骤3: 推送到 GitHub...
✅ GitHub 推送完成

============================================================
✅ 全部完成! 结束时间: 2026-02-27 12:30:09
============================================================
============================================================
AI News Aggregator 每日更新
开始时间: 2026-02-27 20:00:00
============================================================

📡 步骤1: 聚合新闻数据...
✅ 数据聚合完成

📝 步骤2: 更新摘要...
✅ 摘要更新完成

🚀 步骤3: 推送到 GitHub...
✅ GitHub 推送完成

============================================================
✅ 全部完成! 结束时间: 2026-02-27 20:00:07
============================================================
============================================================
AI News Aggregator 每日更新
开始时间: 2026-02-28 12:30:00
============================================================

📡 步骤1: 聚合新闻数据...
✅ 数据聚合完成

📝 步骤2: 更新摘要...
✅ 摘要更新完成

🚀 步骤3: 推送到 GitHub...
✅ GitHub 推送完成

============================================================
✅ 全部完成! 结束时间: 2026-02-28 12:30:07
============================================================
============================================================
AI News Aggregator 每日更新
开始时间: 2026-02-28 20:00:01
============================================================

📡 步骤1: 聚合新闻数据...
✅ 数据聚合完成

📝 步骤2: 更新摘要...
✅ 摘要更新完成

🚀 步骤3: 推送到 GitHub...
❌ GitHub 推送失败
============================================================
AI News Aggregator 每日更新
开始时间: 2026-03-01 20:00:00
============================================================

📡 步骤1: 聚合新闻数据...
✅ 数据聚合完成

📝 步骤2: 更新摘要...
✅ 摘要更新完成

🚀 步骤3: 推送到 GitHub...
✅ GitHub 推送完成

============================================================
✅ 全部完成! 结束时间: 2026-03-01 20:00:07
============================================================
============================================================
AI News Aggregator 每日更新
开始时间: 2026-03-02 09:00:00
============================================================

📡 步骤1: 聚合新闻数据...
✅ 数据聚合完成

📝 步骤2: 更新摘要...
✅ 摘要更新完成

🚀 步骤3: 推送到 GitHub...
❌ GitHub 推送失败
============================================================
AI News Aggregator 每日更新
开始时间: 2026-03-02 12:30:00
============================================================

📡 步骤1: 聚合新闻数据...
✅ 数据聚合完成

📝 步骤2: 更新摘要...
✅ 摘要更新完成

🚀 步骤3: 推送到 GitHub...
❌ GitHub 推送失败
============================================================
AI News Aggregator 每日更新
开始时间: 2026-03-02 20:00:00
============================================================

📡 步骤1: 聚合新闻数据...
✅ 数据聚合完成

📝 步骤2: 更新摘要...
✅ 摘要更新完成

🚀 步骤3: 推送到 GitHub...
